1550653468216	mozrunner::runner	INFO	Running command: "/usr/bin/firefox" "-marionette" "-foreground" "-no-remote" "-profile" "/tmp/rust_mozprofile.wdMB91yLdcwe"
1550653468615	addons.webextension.screenshots@mozilla.org	WARN	Loading extension 'screenshots@mozilla.org': Reading manifest: Invalid host permission: resource://pdf.js/
1550653468615	addons.webextension.screenshots@mozilla.org	WARN	Loading extension 'screenshots@mozilla.org': Reading manifest: Invalid host permission: about:reader*

(firefox:3367): Gtk-WARNING **: 10:04:28.855: Theme parsing error: <data>:1:34: Expected ')' in color definition

(firefox:3367): Gtk-WARNING **: 10:04:28.855: Theme parsing error: <data>:1:77: Expected ')' in color definition
1550653469993	Marionette	INFO	Listening on port 40241
1550653470028	Marionette	WARN	TLS certificate errors will be ignored for this session
1550653470190	Marionette	INFO	Stopped listening on port 40241
[Parent 3367, Gecko_IOThread] WARNING: pipe error (78): Connection reset by peer: file /build/firefox-HN7tk_/firefox-65.0+build2/ipc/chromium/src/chrome/common/ipc_channel_posix.cc, line 349
1550653512715	mozrunner::runner	INFO	Running command: "/usr/bin/firefox" "-marionette" "-foreground" "-no-remote" "-profile" "/tmp/rust_mozprofile.blNR9nsoe7xW"
1550653513039	addons.webextension.screenshots@mozilla.org	WARN	Loading extension 'screenshots@mozilla.org': Reading manifest: Invalid host permission: resource://pdf.js/
1550653513040	addons.webextension.screenshots@mozilla.org	WARN	Loading extension 'screenshots@mozilla.org': Reading manifest: Invalid host permission: about:reader*

(firefox:3732): Gtk-WARNING **: 10:05:13.260: Theme parsing error: <data>:1:34: Expected ')' in color definition

(firefox:3732): Gtk-WARNING **: 10:05:13.260: Theme parsing error: <data>:1:77: Expected ')' in color definition
1550653514222	Marionette	INFO	Listening on port 38393
1550653514320	Marionette	WARN	TLS certificate errors will be ignored for this session
1550653514613	Marionette	INFO	Stopped listening on port 38393
[Parent 3732, Gecko_IOThread] WARNING: pipe error (78): Connection reset by peer: file /build/firefox-HN7tk_/firefox-65.0+build2/ipc/chromium/src/chrome/common/ipc_channel_posix.cc, line 349
1550654190995	mozrunner::runner	INFO	Running command: "/usr/bin/firefox" "-marionette" "-foreground" "-no-remote" "-profile" "/tmp/rust_mozprofile.1qLy0vRPbmVu"
1550654191351	addons.webextension.screenshots@mozilla.org	WARN	Loading extension 'screenshots@mozilla.org': Reading manifest: Invalid host permission: resource://pdf.js/
1550654191351	addons.webextension.screenshots@mozilla.org	WARN	Loading extension 'screenshots@mozilla.org': Reading manifest: Invalid host permission: about:reader*

(firefox:5013): Gtk-WARNING **: 10:16:31.583: Theme parsing error: <data>:1:34: Expected ')' in color definition

(firefox:5013): Gtk-WARNING **: 10:16:31.583: Theme parsing error: <data>:1:77: Expected ')' in color definition
1550654192688	Marionette	INFO	Listening on port 37147
1550654192703	Marionette	WARN	TLS certificate errors will be ignored for this session
1550654192953	Marionette	INFO	Stopped listening on port 37147
[Parent 5013, Gecko_IOThread] WARNING: pipe error (78): Connection reset by peer: file /build/firefox-HN7tk_/firefox-65.0+build2/ipc/chromium/src/chrome/common/ipc_channel_posix.cc, line 349
1550668542016	mozrunner::runner	INFO	Running command: "/usr/bin/firefox" "-marionette" "-foreground" "-no-remote" "-profile" "/tmp/rust_mozprofile.tDqYSUydCiPD"
1550668542328	addons.webextension.screenshots@mozilla.org	WARN	Loading extension 'screenshots@mozilla.org': Reading manifest: Invalid host permission: resource://pdf.js/
1550668542329	addons.webextension.screenshots@mozilla.org	WARN	Loading extension 'screenshots@mozilla.org': Reading manifest: Invalid host permission: about:reader*

(firefox:3874): Gtk-WARNING **: 14:15:42.546: Theme parsing error: <data>:1:34: Expected ')' in color definition

(firefox:3874): Gtk-WARNING **: 14:15:42.546: Theme parsing error: <data>:1:77: Expected ')' in color definition
1550668543560	Marionette	INFO	Listening on port 33847
1550668543620	Marionette	WARN	TLS certificate errors will be ignored for this session
1550668543830	Marionette	INFO	Stopped listening on port 33847
[Parent 3874, Gecko_IOThread] WARNING: pipe error (78): Connection reset by peer: file /build/firefox-HN7tk_/firefox-65.0+build2/ipc/chromium/src/chrome/common/ipc_channel_posix.cc, line 349
JavaScript error: resource://gre/modules/Sqlite.jsm, line 841: Error: Connection is not open.
1550670872315	mozrunner::runner	INFO	Running command: "/usr/bin/firefox" "-marionette" "-foreground" "-no-remote" "-profile" "/tmp/rust_mozprofile.3bfcgjTlP5ok"
1550670872646	addons.webextension.screenshots@mozilla.org	WARN	Loading extension 'screenshots@mozilla.org': Reading manifest: Invalid host permission: resource://pdf.js/
1550670872646	addons.webextension.screenshots@mozilla.org	WARN	Loading extension 'screenshots@mozilla.org': Reading manifest: Invalid host permission: about:reader*

(firefox:5520): Gtk-WARNING **: 14:54:32.881: Theme parsing error: <data>:1:34: Expected ')' in color definition

(firefox:5520): Gtk-WARNING **: 14:54:32.881: Theme parsing error: <data>:1:77: Expected ')' in color definition
1550670873894	Marionette	INFO	Listening on port 42481
1550670873924	Marionette	WARN	TLS certificate errors will be ignored for this session
1550670874102	Marionette	INFO	Stopped listening on port 42481
[Parent 5520, Gecko_IOThread] WARNING: pipe error (78): Connection reset by peer: file /build/firefox-HN7tk_/firefox-65.0+build2/ipc/chromium/src/chrome/common/ipc_channel_posix.cc, line 349
1550670890320	mozrunner::runner	INFO	Running command: "/usr/bin/firefox" "-marionette" "-foreground" "-no-remote" "-profile" "/tmp/rust_mozprofile.etjwff8n3TlY"
1550670890650	addons.webextension.screenshots@mozilla.org	WARN	Loading extension 'screenshots@mozilla.org': Reading manifest: Invalid host permission: resource://pdf.js/
1550670890650	addons.webextension.screenshots@mozilla.org	WARN	Loading extension 'screenshots@mozilla.org': Reading manifest: Invalid host permission: about:reader*

(firefox:5796): Gtk-WARNING **: 14:54:50.887: Theme parsing error: <data>:1:34: Expected ')' in color definition

(firefox:5796): Gtk-WARNING **: 14:54:50.887: Theme parsing error: <data>:1:77: Expected ')' in color definition
1550670891878	Marionette	INFO	Listening on port 41217
1550670891928	Marionette	WARN	TLS certificate errors will be ignored for this session
1550670892146	Marionette	INFO	Stopped listening on port 41217
[Parent 5796, Gecko_IOThread] WARNING: pipe error (78): Connection reset by peer: file /build/firefox-HN7tk_/firefox-65.0+build2/ipc/chromium/src/chrome/common/ipc_channel_posix.cc, line 349
JavaScript error: resource://gre/modules/Sqlite.jsm, line 841: Error: Connection is not open.
1550672801900	mozrunner::runner	INFO	Running command: "/usr/bin/firefox" "-marionette" "-foreground" "-no-remote" "-profile" "/tmp/rust_mozprofile.7TaG6agOrLJP"
1550672802411	addons.webextension.screenshots@mozilla.org	WARN	Loading extension 'screenshots@mozilla.org': Reading manifest: Invalid host permission: resource://pdf.js/
1550672802412	addons.webextension.screenshots@mozilla.org	WARN	Loading extension 'screenshots@mozilla.org': Reading manifest: Invalid host permission: about:reader*

(firefox:6867): Gtk-WARNING **: 15:26:42.754: Theme parsing error: <data>:1:34: Expected ')' in color definition

(firefox:6867): Gtk-WARNING **: 15:26:42.754: Theme parsing error: <data>:1:77: Expected ')' in color definition
1550672804238	Marionette	INFO	Listening on port 45259
1550672804332	Marionette	WARN	TLS certificate errors will be ignored for this session
1550672804720	Marionette	INFO	Stopped listening on port 45259
1550674557637	mozrunner::runner	INFO	Running command: "/usr/bin/firefox" "-marionette" "-foreground" "-no-remote" "-profile" "/tmp/rust_mozprofile.OahAty38K2do"
1550674557966	addons.webextension.screenshots@mozilla.org	WARN	Loading extension 'screenshots@mozilla.org': Reading manifest: Invalid host permission: resource://pdf.js/
1550674557966	addons.webextension.screenshots@mozilla.org	WARN	Loading extension 'screenshots@mozilla.org': Reading manifest: Invalid host permission: about:reader*

(firefox:7900): Gtk-WARNING **: 15:55:58.200: Theme parsing error: <data>:1:34: Expected ')' in color definition

(firefox:7900): Gtk-WARNING **: 15:55:58.200: Theme parsing error: <data>:1:77: Expected ')' in color definition
1550674559241	Marionette	INFO	Listening on port 44091
1550674559249	Marionette	WARN	TLS certificate errors will be ignored for this session
1550674559445	Marionette	INFO	Stopped listening on port 44091
[Parent 7900, Gecko_IOThread] WARNING: pipe error (78): Connection reset by peer: file /build/firefox-HN7tk_/firefox-65.0+build2/ipc/chromium/src/chrome/common/ipc_channel_posix.cc, line 349
JavaScript error: resource://gre/modules/Sqlite.jsm, line 841: Error: Connection is not open.
1550674573095	mozrunner::runner	INFO	Running command: "/usr/bin/firefox" "-marionette" "-foreground" "-no-remote" "-profile" "/tmp/rust_mozprofile.RSXAMkWJfIVq"
1550674573417	addons.webextension.screenshots@mozilla.org	WARN	Loading extension 'screenshots@mozilla.org': Reading manifest: Invalid host permission: resource://pdf.js/
1550674573417	addons.webextension.screenshots@mozilla.org	WARN	Loading extension 'screenshots@mozilla.org': Reading manifest: Invalid host permission: about:reader*

(firefox:8187): Gtk-WARNING **: 15:56:13.651: Theme parsing error: <data>:1:34: Expected ')' in color definition

(firefox:8187): Gtk-WARNING **: 15:56:13.651: Theme parsing error: <data>:1:77: Expected ')' in color definition
1550674574667	Marionette	INFO	Listening on port 38905
1550674574701	Marionette	WARN	TLS certificate errors will be ignored for this session
1550674574898	Marionette	INFO	Stopped listening on port 38905
[Parent 8187, Gecko_IOThread] WARNING: pipe error (78): Connection reset by peer: file /build/firefox-HN7tk_/firefox-65.0+build2/ipc/chromium/src/chrome/common/ipc_channel_posix.cc, line 349
