This is pdfTeX, Version 3.14159265-2.6-1.40.19 (TeX Live 2018) (preloaded format=pdflatex 2018.5.16)  26 MAR 2019 17:48
entering extended mode
 restricted \write18 enabled.
 file:line:error style messages enabled.
 %&-line parsing enabled.
**Requisiti.tex
(./Requisiti.tex
LaTeX2e <2018-04-01> patch level 2
Babel <3.18> and hyphenation patterns for 84 language(s) loaded.
(/usr/local/texlive/2018/texmf-dist/tex/latex/base/report.cls
Document Class: report 2014/09/29 v1.4h Standard LaTeX document class
(/usr/local/texlive/2018/texmf-dist/tex/latex/base/size10.clo
File: size10.clo 2014/09/29 v1.4h Standard LaTeX file (size option)
)
\c@part=\count80
\c@chapter=\count81
\c@section=\count82
\c@subsection=\count83
\c@subsubsection=\count84
\c@paragraph=\count85
\c@subparagraph=\count86
\c@figure=\count87
\c@table=\count88
\abovecaptionskip=\skip41
\belowcaptionskip=\skip42
\bibindent=\dimen102
)
(/usr/local/texlive/2018/texmf-dist/tex/latex/base/inputenc.sty
Package: inputenc 2018/04/06 v1.3b Input encoding file
\inpenc@prehook=\toks14
\inpenc@posthook=\toks15
)
(/usr/local/texlive/2018/texmf-dist/tex/latex/amsmath/amsmath.sty
Package: amsmath 2017/09/02 v2.17a AMS math features
\@mathmargin=\skip43

For additional information on amsmath, use the `?' option.
(/usr/local/texlive/2018/texmf-dist/tex/latex/amsmath/amstext.sty
Package: amstext 2000/06/29 v2.01 AMS text

(/usr/local/texlive/2018/texmf-dist/tex/latex/amsmath/amsgen.sty
File: amsgen.sty 1999/11/30 v2.0 generic functions
\@emptytoks=\toks16
\ex@=\dimen103
))
(/usr/local/texlive/2018/texmf-dist/tex/latex/amsmath/amsbsy.sty
Package: amsbsy 1999/11/29 v1.2d Bold Symbols
\pmbraise@=\dimen104
)
(/usr/local/texlive/2018/texmf-dist/tex/latex/amsmath/amsopn.sty
Package: amsopn 2016/03/08 v2.02 operator names
)
\inf@bad=\count89
LaTeX Info: Redefining \frac on input line 213.
\uproot@=\count90
\leftroot@=\count91
LaTeX Info: Redefining \overline on input line 375.
\classnum@=\count92
\DOTSCASE@=\count93
LaTeX Info: Redefining \ldots on input line 472.
LaTeX Info: Redefining \dots on input line 475.
LaTeX Info: Redefining \cdots on input line 596.
\Mathstrutbox@=\box26
\strutbox@=\box27
\big@size=\dimen105
LaTeX Font Info:    Redeclaring font encoding OML on input line 712.
LaTeX Font Info:    Redeclaring font encoding OMS on input line 713.
\macc@depth=\count94
\c@MaxMatrixCols=\count95
\dotsspace@=\muskip10
\c@parentequation=\count96
\dspbrk@lvl=\count97
\tag@help=\toks17
\row@=\count98
\column@=\count99
\maxfields@=\count100
\andhelp@=\toks18
\eqnshift@=\dimen106
\alignsep@=\dimen107
\tagshift@=\dimen108
\tagwidth@=\dimen109
\totwidth@=\dimen110
\lineht@=\dimen111
\@envbody=\toks19
\multlinegap=\skip44
\multlinetaggap=\skip45
\mathdisplay@stack=\toks20
LaTeX Info: Redefining \[ on input line 2817.
LaTeX Info: Redefining \] on input line 2818.
)
(/usr/local/texlive/2018/texmf-dist/tex/latex/amsfonts/amsfonts.sty
Package: amsfonts 2013/01/14 v3.01 Basic AMSFonts support
\symAMSa=\mathgroup4
\symAMSb=\mathgroup5
LaTeX Font Info:    Overwriting math alphabet `\mathfrak' in version `bold'
(Font)                  U/euf/m/n --> U/euf/b/n on input line 106.
)
(/usr/local/texlive/2018/texmf-dist/tex/latex/amsfonts/amssymb.sty
Package: amssymb 2013/01/14 v3.01 AMS font symbols
)
(/usr/local/texlive/2018/texmf-dist/tex/latex/float/float.sty
Package: float 2001/11/08 v1.3d Float enhancements (AL)
\c@float@type=\count101
\float@exts=\toks21
\float@box=\box28
\@float@everytoks=\toks22
\@floatcapt=\box29
)
(/usr/local/texlive/2018/texmf-dist/tex/latex/graphics/graphicx.sty
Package: graphicx 2017/06/01 v1.1a Enhanced LaTeX Graphics (DPC,SPQR)

(/usr/local/texlive/2018/texmf-dist/tex/latex/graphics/keyval.sty
Package: keyval 2014/10/28 v1.15 key=value parser (DPC)
\KV@toks@=\toks23
)
(/usr/local/texlive/2018/texmf-dist/tex/latex/graphics/graphics.sty
Package: graphics 2017/06/25 v1.2c Standard LaTeX Graphics (DPC,SPQR)

(/usr/local/texlive/2018/texmf-dist/tex/latex/graphics/trig.sty
Package: trig 2016/01/03 v1.10 sin cos tan (DPC)
)
(/usr/local/texlive/2018/texmf-dist/tex/latex/graphics-cfg/graphics.cfg
File: graphics.cfg 2016/06/04 v1.11 sample graphics configuration
)
Package graphics Info: Driver file: pdftex.def on input line 99.

(/usr/local/texlive/2018/texmf-dist/tex/latex/graphics-def/pdftex.def
File: pdftex.def 2018/01/08 v1.0l Graphics/color driver for pdftex
))
\Gin@req@height=\dimen112
\Gin@req@width=\dimen113
)
(/usr/local/texlive/2018/texmf-dist/tex/latex/mathtools/mathtools.sty
Package: mathtools 2018/01/08 v1.21 mathematical typesetting tools

(/usr/local/texlive/2018/texmf-dist/tex/latex/tools/calc.sty
Package: calc 2017/05/25 v4.3 Infix arithmetic (KKT,FJ)
\calc@Acount=\count102
\calc@Bcount=\count103
\calc@Adimen=\dimen114
\calc@Bdimen=\dimen115
\calc@Askip=\skip46
\calc@Bskip=\skip47
LaTeX Info: Redefining \setlength on input line 80.
LaTeX Info: Redefining \addtolength on input line 81.
\calc@Ccount=\count104
\calc@Cskip=\skip48
)
(/usr/local/texlive/2018/texmf-dist/tex/latex/mathtools/mhsetup.sty
Package: mhsetup 2017/03/31 v1.3 programming setup (MH)
)
LaTeX Info: Thecontrolsequence`\('isalreadyrobust on input line 129.
LaTeX Info: Thecontrolsequence`\)'isalreadyrobust on input line 129.
LaTeX Info: Thecontrolsequence`\['isalreadyrobust on input line 129.
LaTeX Info: Thecontrolsequence`\]'isalreadyrobust on input line 129.
\g_MT_multlinerow_int=\count105
\l_MT_multwidth_dim=\dimen116
\origjot=\skip49
\l_MT_shortvdotswithinadjustabove_dim=\dimen117
\l_MT_shortvdotswithinadjustbelow_dim=\dimen118
\l_MT_above_intertext_sep=\dimen119
\l_MT_below_intertext_sep=\dimen120
\l_MT_above_shortintertext_sep=\dimen121
\l_MT_below_shortintertext_sep=\dimen122
)
(/usr/local/texlive/2018/texmf-dist/tex/latex/geometry/geometry.sty
Package: geometry 2018/03/24 v5.7 Page Geometry

(/usr/local/texlive/2018/texmf-dist/tex/generic/oberdiek/ifpdf.sty
Package: ifpdf 2017/03/15 v3.2 Provides the ifpdf switch
)
(/usr/local/texlive/2018/texmf-dist/tex/generic/oberdiek/ifvtex.sty
Package: ifvtex 2016/05/16 v1.6 Detect VTeX and its facilities (HO)
Package ifvtex Info: VTeX not detected.
)
(/usr/local/texlive/2018/texmf-dist/tex/generic/ifxetex/ifxetex.sty
Package: ifxetex 2010/09/12 v0.6 Provides ifxetex conditional
)
\Gm@cnth=\count106
\Gm@cntv=\count107
\c@Gm@tempcnt=\count108
\Gm@bindingoffset=\dimen123
\Gm@wd@mp=\dimen124
\Gm@odd@mp=\dimen125
\Gm@even@mp=\dimen126
\Gm@layoutwidth=\dimen127
\Gm@layoutheight=\dimen128
\Gm@layouthoffset=\dimen129
\Gm@layoutvoffset=\dimen130
\Gm@dimlist=\toks24
)
(./Requisiti.aux)
\openout1 = `Requisiti.aux'.

LaTeX Font Info:    Checking defaults for OML/cmm/m/it on input line 14.
LaTeX Font Info:    ... okay on input line 14.
LaTeX Font Info:    Checking defaults for T1/cmr/m/n on input line 14.
LaTeX Font Info:    ... okay on input line 14.
LaTeX Font Info:    Checking defaults for OT1/cmr/m/n on input line 14.
LaTeX Font Info:    ... okay on input line 14.
LaTeX Font Info:    Checking defaults for OMS/cmsy/m/n on input line 14.
LaTeX Font Info:    ... okay on input line 14.
LaTeX Font Info:    Checking defaults for OMX/cmex/m/n on input line 14.
LaTeX Font Info:    ... okay on input line 14.
LaTeX Font Info:    Checking defaults for U/cmr/m/n on input line 14.
LaTeX Font Info:    ... okay on input line 14.

(/usr/local/texlive/2018/texmf-dist/tex/context/base/mkii/supp-pdf.mkii
[Loading MPS to PDF converter (version 2006.09.02).]
\scratchcounter=\count109
\scratchdimen=\dimen131
\scratchbox=\box30
\nofMPsegments=\count110
\nofMParguments=\count111
\everyMPshowfont=\toks25
\MPscratchCnt=\count112
\MPscratchDim=\dimen132
\MPnumerator=\count113
\makeMPintoPDFobject=\count114
\everyMPtoPDFconversion=\toks26
) (/usr/local/texlive/2018/texmf-dist/tex/latex/oberdiek/epstopdf-base.sty
Package: epstopdf-base 2016/05/15 v2.6 Base part for package epstopdf

(/usr/local/texlive/2018/texmf-dist/tex/generic/oberdiek/infwarerr.sty
Package: infwarerr 2016/05/16 v1.4 Providing info/warning/error messages (HO)
)
(/usr/local/texlive/2018/texmf-dist/tex/latex/oberdiek/grfext.sty
Package: grfext 2016/05/16 v1.2 Manage graphics extensions (HO)

(/usr/local/texlive/2018/texmf-dist/tex/generic/oberdiek/kvdefinekeys.sty
Package: kvdefinekeys 2016/05/16 v1.4 Define keys (HO)

(/usr/local/texlive/2018/texmf-dist/tex/generic/oberdiek/ltxcmds.sty
Package: ltxcmds 2016/05/16 v1.23 LaTeX kernel commands for general use (HO)
)))
(/usr/local/texlive/2018/texmf-dist/tex/latex/oberdiek/kvoptions.sty
Package: kvoptions 2016/05/16 v3.12 Key value format for package options (HO)

(/usr/local/texlive/2018/texmf-dist/tex/generic/oberdiek/kvsetkeys.sty
Package: kvsetkeys 2016/05/16 v1.17 Key value parser (HO)

(/usr/local/texlive/2018/texmf-dist/tex/generic/oberdiek/etexcmds.sty
Package: etexcmds 2016/05/16 v1.6 Avoid name clashes with e-TeX commands (HO)

(/usr/local/texlive/2018/texmf-dist/tex/generic/oberdiek/ifluatex.sty
Package: ifluatex 2016/05/16 v1.4 Provides the ifluatex switch (HO)
Package ifluatex Info: LuaTeX not detected.
)
Package etexcmds Info: Could not find \expanded.
(etexcmds)             That can mean that you are not using pdfTeX 1.50 or
(etexcmds)             that some package has redefined \expanded.
(etexcmds)             In the latter case, load this package earlier.
)))
(/usr/local/texlive/2018/texmf-dist/tex/generic/oberdiek/pdftexcmds.sty
Package: pdftexcmds 2018/01/30 v0.27 Utility functions of pdfTeX for LuaTeX (HO
)
Package pdftexcmds Info: LuaTeX not detected.
Package pdftexcmds Info: \pdf@primitive is available.
Package pdftexcmds Info: \pdf@ifprimitive is available.
Package pdftexcmds Info: \pdfdraftmode found.
)
Package epstopdf-base Info: Redefining graphics rule for `.eps' on input line 4
38.
Package grfext Info: Graphics extension search list:
(grfext)             [.pdf,.png,.jpg,.mps,.jpeg,.jbig2,.jb2,.PDF,.PNG,.JPG,.JPE
G,.JBIG2,.JB2,.eps]
(grfext)             \AppendGraphicsExtensions on input line 456.

(/usr/local/texlive/2018/texmf-dist/tex/latex/latexconfig/epstopdf-sys.cfg
File: epstopdf-sys.cfg 2010/07/13 v1.3 Configuration of (r)epstopdf for TeX Liv
e
))
*geometry* driver: auto-detecting
*geometry* detected driver: pdftex
*geometry* verbose mode - [ preamble ] result:
* driver: pdftex
* paper: a4paper
* layout: <same size as paper>
* layoutoffset:(h,v)=(0.0pt,0.0pt)
* modes: 
* h-part:(L,W,R)=(85.35826pt, 426.79135pt, 85.35826pt)
* v-part:(T,H,B)=(85.35826pt, 674.33032pt, 85.35826pt)
* \paperwidth=597.50787pt
* \paperheight=845.04684pt
* \textwidth=426.79135pt
* \textheight=674.33032pt
* \oddsidemargin=13.08827pt
* \evensidemargin=13.08827pt
* \topmargin=-23.91173pt
* \headheight=12.0pt
* \headsep=25.0pt
* \topskip=10.0pt
* \footskip=30.0pt
* \marginparwidth=57.0pt
* \marginparsep=11.0pt
* \columnsep=10.0pt
* \skip\footins=9.0pt plus 4.0pt minus 2.0pt
* \hoffset=0.0pt
* \voffset=0.0pt
* \mag=1000
* \@twocolumnfalse
* \@twosidefalse
* \@mparswitchfalse
* \@reversemarginfalse
* (1in=72.27pt=25.4mm, 1cm=28.453pt)

LaTeX Font Info:    Try loading font information for U+msa on input line 16.
(/usr/local/texlive/2018/texmf-dist/tex/latex/amsfonts/umsa.fd
File: umsa.fd 2013/01/14 v3.01 AMS symbols A
)
LaTeX Font Info:    Try loading font information for U+msb on input line 16.

(/usr/local/texlive/2018/texmf-dist/tex/latex/amsfonts/umsb.fd
File: umsb.fd 2013/01/14 v3.01 AMS symbols B
) [1

{/usr/local/texlive/2018/texmf-var/fonts/map/pdftex/updmap/pdftex.map}] (./Requ
isiti.toc)
\tf@toc=\write3
\openout3 = `Requisiti.toc'.


[1

]
LaTeX Font Info:    Try loading font information for OMS+cmr on input line 45.
 (/usr/local/texlive/2018/texmf-dist/tex/latex/base/omscmr.fd
File: omscmr.fd 2014/09/29 v2.5h Standard LaTeX font definitions
)
LaTeX Font Info:    Font shape `OMS/cmr/m/n' in size <10> not available
(Font)              Font shape `OMS/cmsy/m/n' tried instead on input line 45.

Underfull \hbox (badness 10000) in paragraph at lines 54--55

 []


Underfull \hbox (badness 10000) in paragraph at lines 58--58
[]\OT1/cmr/m/n/10 Registrazione
 []


Underfull \hbox (badness 10000) in paragraph at lines 74--74
[]\OT1/cmr/m/n/10 Registrazione
 []


Underfull \hbox (badness 1009) in paragraph at lines 74--74
\OT1/cmr/m/n/10 nuovo am-min-is-tra-
 []


Underfull \hbox (badness 10000) in paragraph at lines 80--80
[]\OT1/cmr/m/n/10 Accesso am-min-is-
 []


Overfull \hbox (36.28072pt too wide) in paragraph at lines 56--82
[][] 
 []

[2]
Underfull \hbox (badness 10000) in paragraph at lines 100--100
[]\OT1/cmr/m/n/10 Visualizzazione
 []


Underfull \hbox (badness 10000) in paragraph at lines 100--100
\OT1/cmr/m/n/10 libri con-sigliati
 []


Underfull \hbox (badness 3009) in paragraph at lines 102--103
[]\OT1/cmr/m/n/10 Interesse mostrato es-plici-ta-mente dallo stu-dente
 []


Underfull \hbox (badness 10000) in paragraph at lines 107--107
[]\OT1/cmr/m/n/10 Inserimento titolo
 []


Underfull \hbox (badness 10000) in paragraph at lines 107--107
\OT1/cmr/m/n/10 in lista "Titoli
 []


Overfull \hbox (36.28072pt too wide) in paragraph at lines 83--109
[][] 
 []

[3]
Overfull \hbox (36.28072pt too wide) in paragraph at lines 110--130
[][] 
 []

[4] [5]
Underfull \hbox (badness 1406) in paragraph at lines 133--133
[]\OT1/cmr/m/n/10 Inserimento di un
 []


Underfull \hbox (badness 10000) in paragraph at lines 160--160
[]\OT1/cmr/m/n/10 Modifica in-for-
 []


Underfull \hbox (badness 10000) in paragraph at lines 160--160
\OT1/cmr/m/n/10 mazioni per-son-ali
 []


Underfull \hbox (badness 1097) in paragraph at lines 160--160
[]\OT1/cmr/m/n/10 Modifica da parte di uno stu-dente delle in-for-mazioni
 []


Overfull \hbox (36.28072pt too wide) in paragraph at lines 131--162
[][] 
 []

[6]
Underfull \hbox (badness 10000) in paragraph at lines 173--173
[]\OT1/cmr/m/n/10 Ricerca pag-ina
 []


Underfull \hbox (badness 10000) in paragraph at lines 174--174
[]\OT1/cmr/m/n/10 Modifica pag-ina
 []


Underfull \hbox (badness 2600) in paragraph at lines 181--183
\OT1/cmr/m/n/10 dell'utente che ^^Re stato in-di-cato dal ven-di-tore quale
 []


Overfull \hbox (36.28072pt too wide) in paragraph at lines 164--191
[][] 
 []


Underfull \hbox (badness 10000) in paragraph at lines 194--194
[]\OT1/cmr/m/n/10 Recensione ven-di-
 []


Underfull \hbox (badness 10000) in paragraph at lines 195--195
[]\OT1/cmr/m/n/10 Recensione ac-
 []


Underfull \hbox (badness 10000) in paragraph at lines 197--197
[]\OT1/cmr/m/n/10 Segnalazione con-
 []


Underfull \hbox (badness 10000) in paragraph at lines 198--198
[]\OT1/cmr/m/n/10 Gestione seg-
 []


Underfull \hbox (badness 10000) in paragraph at lines 199--199
[]\OT1/cmr/m/n/10 Comunicazioni
 []


Overfull \hbox (36.28072pt too wide) in paragraph at lines 192--201
[][] 
 []

[7]
Underfull \hbox (badness 1132) in paragraph at lines 204--204
[]\OT1/cmr/m/n/10 Richiesta di as-sis-
 []


Underfull \hbox (badness 10000) in paragraph at lines 205--205
[]\OT1/cmr/m/n/10 Gestione richi-esta
 []


Overfull \hbox (36.28072pt too wide) in paragraph at lines 202--207
[][] 
 []

<./images/gua_uc.jpeg, id=35, 614.7768pt x 234.8775pt>
File: ./images/gua_uc.jpeg Graphic file (type jpg)
<use ./images/gua_uc.jpeg>
Package pdftex.def Info: ./images/gua_uc.jpeg  used on input line 213.
(pdftex.def)             Requested size: 483.70776pt x 184.80214pt.

Overfull \hbox (56.91641pt too wide) in paragraph at lines 213--214
 [][] 
 []

[8]
<./images/st_uc.jpeg, id=39, 794.97pt x 594.0594pt>
File: ./images/st_uc.jpeg Graphic file (type jpg)
<use ./images/st_uc.jpeg>
Package pdftex.def Info: ./images/st_uc.jpeg  used on input line 219.
(pdftex.def)             Requested size: 483.70584pt x 361.46017pt.

Overfull \hbox (56.91449pt too wide) in paragraph at lines 219--220
 [][] 
 []


Underfull \hbox (badness 10000) in paragraph at lines 250--251
[]\OT1/cmr/m/n/10 L'indirizzo email deve es-sere for-mat-tato cor-ret-ta-mente
 []


Overfull \hbox (22.66483pt too wide) in paragraph at lines 224--260
[] 
 []

[9 <./images/gua_uc.jpeg> <./images/st_uc.jpeg>] [10]
Underfull \hbox (badness 1264) in paragraph at lines 294--295
[]\OT1/cmr/m/n/10 Se i dati in-ser-iti sono cor-retti, il sis-tema per-me-tte l
'accesso
 []


Overfull \hbox (22.66483pt too wide) in paragraph at lines 274--298
[] 
 []


Overfull \hbox (22.66483pt too wide) in paragraph at lines 300--324
[] 
 []

[11]
Overfull \hbox (22.66483pt too wide) in paragraph at lines 326--350
[] 
 []

[12]
Overfull \hbox (22.66483pt too wide) in paragraph at lines 352--379
[] 
 []

[13]
Overfull \hbox (22.66483pt too wide) in paragraph at lines 381--406
[] 
 []

[14]
Overfull \hbox (22.66483pt too wide) in paragraph at lines 408--447
[] 
 []

[15] [16]
Overfull \hbox (22.66483pt too wide) in paragraph at lines 474--506
[] 
 []

[17]
Overfull \hbox (22.66483pt too wide) in paragraph at lines 508--525
[] 
 []

[18]
Overfull \hbox (22.66483pt too wide) in paragraph at lines 527--544
[] 
 []


Overfull \hbox (22.66483pt too wide) in paragraph at lines 546--563
[] 
 []

[19]
Overfull \hbox (22.66483pt too wide) in paragraph at lines 565--601
[] 
 []

[20]
Overfull \hbox (22.66483pt too wide) in paragraph at lines 603--625
[] 
 []

[21]
Overfull \hbox (22.66483pt too wide) in paragraph at lines 627--650
[] 
 []


Overfull \hbox (22.66483pt too wide) in paragraph at lines 652--680
[] 
 []

[22]
Overfull \hbox (22.66483pt too wide) in paragraph at lines 682--710
[] 
 []

[23]
Overfull \hbox (22.66483pt too wide) in paragraph at lines 712--746
[] 
 []

[24]
Overfull \hbox (22.66483pt too wide) in paragraph at lines 748--789
[] 
 []

[25]
Overfull \vbox (6.12799pt too high) has occurred while \output is active []


[26]
Overfull \hbox (22.66483pt too wide) in paragraph at lines 791--820
[] 
 []


Overfull \hbox (22.66483pt too wide) in paragraph at lines 822--859
[] 
 []

[27]
Overfull \hbox (22.66483pt too wide) in paragraph at lines 861--896
[] 
 []

[28]
Overfull \hbox (22.66483pt too wide) in paragraph at lines 898--934
[] 
 []

[29] [30]
Overfull \hbox (22.66483pt too wide) in paragraph at lines 948--986
[] 
 []

[31]
Underfull \hbox (badness 4132) in paragraph at lines 1013--1014
[]\OT1/cmr/m/n/10 Comando per la scrit-tura di una re-cen-sione nei con-fronti
 []


Overfull \hbox (22.66483pt too wide) in paragraph at lines 989--1030
[] 
 []

[32]
Overfull \hbox (22.66483pt too wide) in paragraph at lines 1032--1073
[] 
 []

[33]
Overfull \hbox (22.66483pt too wide) in paragraph at lines 1075--1114
[] 
 []

[34]
<./images/class_diagram.jpeg, id=122, 735.7086pt x 731.3724pt>
File: ./images/class_diagram.jpeg Graphic file (type jpg)
<use ./images/class_diagram.jpeg>
Package pdftex.def Info: ./images/class_diagram.jpeg  used on input line 1118.
(pdftex.def)             Requested size: 483.70566pt x 480.85475pt.

Overfull \hbox (56.9143pt too wide) in paragraph at lines 1118--1119
 [][] 
 []

[35] [36 <./images/class_diagram.jpeg>]
<./images/elbow_method.png, id=130, 824.07875pt x 524.96124pt>
File: ./images/elbow_method.png Graphic file (type png)
<use ./images/elbow_method.png>
Package pdftex.def Info: ./images/elbow_method.png  used on input line 1175.
(pdftex.def)             Requested size: 412.03836pt x 262.47998pt.
 [37] [38 <./images/elbow_method.png>]
(./Requisiti.aux) ) 
Here is how much of TeX's memory you used:
 3530 strings out of 492649
 50450 string characters out of 6129622
 133031 words of memory out of 5000000
 7341 multiletter control sequences out of 15000+600000
 12455 words of font info for 48 fonts, out of 8000000 for 9000
 1141 hyphenation exceptions out of 8191
 41i,9n,25p,584b,379s stack positions out of 5000i,500n,10000p,200000b,80000s
</usr/local/texlive/2018/texmf-dist/fonts/type1/public/amsfo
nts/cm/cmbx10.pfb></usr/local/texlive/2018/texmf-dist/fonts/type1/public/amsfon
ts/cm/cmbx12.pfb></usr/local/texlive/2018/texmf-dist/fonts/type1/public/amsfont
s/cm/cmex10.pfb></usr/local/texlive/2018/texmf-dist/fonts/type1/public/amsfonts
/cm/cmmi10.pfb></usr/local/texlive/2018/texmf-dist/fonts/type1/public/amsfonts/
cm/cmmi7.pfb></usr/local/texlive/2018/texmf-dist/fonts/type1/public/amsfonts/cm
/cmr10.pfb></usr/local/texlive/2018/texmf-dist/fonts/type1/public/amsfonts/cm/c
mr12.pfb></usr/local/texlive/2018/texmf-dist/fonts/type1/public/amsfonts/cm/cmr
17.pfb></usr/local/texlive/2018/texmf-dist/fonts/type1/public/amsfonts/cm/cmr7.
pfb></usr/local/texlive/2018/texmf-dist/fonts/type1/public/amsfonts/cm/cmsy10.p
fb></usr/local/texlive/2018/texmf-dist/fonts/type1/public/amsfonts/cm/cmti10.pf
b>
Output written on Requisiti.pdf (39 pages, 1144949 bytes).
PDF statistics:
 182 PDF objects out of 1000 (max. 8388607)
 123 compressed objects within 2 object streams
 0 named destinations out of 1000 (max. 500000)
 21 words of extra memory for PDF output out of 10000 (max. 10000000)

